<?xml version="1.0" encoding="UTF-8"?>
<!-- Generated by org.testng.reporters.JUnitXMLReporter -->
<testsuite ignored="1" hostname="Dzikra-Shanum" failures="0" tests="7" name="test1" time="0.214" errors="0" timestamp="2022-10-07T20:13:52 WIB">
  <testcase classname="com.juaracoding.featuretwo.ProcedureExecution" name="testOne" time="0.005"/>
  <testcase classname="com.juaracoding.featuretwo.ProcedureExecution" name="testThree" time="0.001"/>
  <testcase classname="com.juaracoding.testng.TestCalculator" name="testAdd" time="0.013"/>
  <testcase classname="com.juaracoding.testng.TestCalculator" name="testAssertTrue" time="0.002"/>
  <testcase classname="com.juaracoding.testng.TestCalculator" name="testSubstract" time="0.001"/>
  <testcase classname="com.juaracoding.testng.TestCalculatorTwo" name="testAdd" time="0.0"/>
  <testcase classname="com.juaracoding.testng.TestCalculatorTwo" name="testSubstract" time="0.002"/>
  <testcase classname="com.juaracoding.featuretwo.ProcedureExecution" name="testTwo" time="0.0">
    <ignored/>
  </testcase> <!-- testTwo -->
</testsuite> <!-- test1 -->
