<?xml version="1.0" encoding="UTF-8"?>
<testng-results ignored="1" total="8" passed="7" failed="0" skipped="0">
  <reporter-output>
  </reporter-output>
  <suite started-at="2022-10-07T20:13:51 WIB" name="All Test Suite" finished-at="2022-10-07T20:13:52 WIB" duration-ms="214">
    <groups>
    </groups>
    <test started-at="2022-10-07T20:13:51 WIB" name="test1" finished-at="2022-10-07T20:13:52 WIB" duration-ms="214">
      <class name="com.juaracoding.testng.TestCalculator">
        <test-method signature="testAdd(int,int)[pri:0, instance:com.juaracoding.testng.TestCalculator@59717824]" started-at="2022-10-07T20:13:52 WIB" name="testAdd" finished-at="2022-10-07T20:13:52 WIB" duration-ms="13" status="PASS">
          <params>
            <param index="0">
              <value>
                <![CDATA[10]]>
              </value>
            </param>
            <param index="1">
              <value>
                <![CDATA[5]]>
              </value>
            </param>
          </params>
          <reporter-output>
          </reporter-output>
        </test-method> <!-- testAdd -->
        <test-method signature="testAssertTrue(java.lang.String)[pri:0, instance:com.juaracoding.testng.TestCalculator@59717824]" started-at="2022-10-07T20:13:52 WIB" name="testAssertTrue" finished-at="2022-10-07T20:13:52 WIB" duration-ms="2" status="PASS">
          <params>
            <param index="0">
              <value>
                <![CDATA[JuaraCoding]]>
              </value>
            </param>
          </params>
          <reporter-output>
          </reporter-output>
        </test-method> <!-- testAssertTrue -->
        <test-method signature="testSubstract(int,int)[pri:0, instance:com.juaracoding.testng.TestCalculator@59717824]" started-at="2022-10-07T20:13:52 WIB" name="testSubstract" finished-at="2022-10-07T20:13:52 WIB" duration-ms="1" status="PASS">
          <params>
            <param index="0">
              <value>
                <![CDATA[10]]>
              </value>
            </param>
            <param index="1">
              <value>
                <![CDATA[5]]>
              </value>
            </param>
          </params>
          <reporter-output>
          </reporter-output>
        </test-method> <!-- testSubstract -->
      </class> <!-- com.juaracoding.testng.TestCalculator -->
      <class name="com.juaracoding.featuretwo.ProcedureExecution">
        <test-method is-config="true" signature="beforeClass()[pri:0, instance:com.juaracoding.featuretwo.ProcedureExecution@3d3fcdb0]" started-at="2022-10-07T20:13:51 WIB" name="beforeClass" finished-at="2022-10-07T20:13:52 WIB" duration-ms="20" status="PASS">
          <reporter-output>
          </reporter-output>
        </test-method> <!-- beforeClass -->
        <test-method is-config="true" signature="beforeMethod()[pri:0, instance:com.juaracoding.featuretwo.ProcedureExecution@3d3fcdb0]" started-at="2022-10-07T20:13:52 WIB" name="beforeMethod" finished-at="2022-10-07T20:13:52 WIB" duration-ms="1" status="PASS">
          <reporter-output>
          </reporter-output>
        </test-method> <!-- beforeMethod -->
        <test-method signature="testOne()[pri:1, instance:com.juaracoding.featuretwo.ProcedureExecution@3d3fcdb0]" started-at="2022-10-07T20:13:52 WIB" name="testOne" finished-at="2022-10-07T20:13:52 WIB" duration-ms="5" status="PASS">
          <reporter-output>
          </reporter-output>
        </test-method> <!-- testOne -->
        <test-method is-config="true" signature="afterMethod()[pri:0, instance:com.juaracoding.featuretwo.ProcedureExecution@3d3fcdb0]" started-at="2022-10-07T20:13:52 WIB" name="afterMethod" finished-at="2022-10-07T20:13:52 WIB" duration-ms="4" status="PASS">
          <reporter-output>
          </reporter-output>
        </test-method> <!-- afterMethod -->
        <test-method is-config="true" signature="beforeMethod()[pri:0, instance:com.juaracoding.featuretwo.ProcedureExecution@3d3fcdb0]" started-at="2022-10-07T20:13:52 WIB" name="beforeMethod" finished-at="2022-10-07T20:13:52 WIB" duration-ms="1" status="PASS">
          <reporter-output>
          </reporter-output>
        </test-method> <!-- beforeMethod -->
        <test-method signature="testThree()[pri:3, instance:com.juaracoding.featuretwo.ProcedureExecution@3d3fcdb0]" started-at="2022-10-07T20:13:52 WIB" name="testThree" finished-at="2022-10-07T20:13:52 WIB" duration-ms="1" status="PASS">
          <reporter-output>
          </reporter-output>
        </test-method> <!-- testThree -->
        <test-method is-config="true" signature="afterMethod()[pri:0, instance:com.juaracoding.featuretwo.ProcedureExecution@3d3fcdb0]" started-at="2022-10-07T20:13:52 WIB" name="afterMethod" finished-at="2022-10-07T20:13:52 WIB" duration-ms="3" status="PASS">
          <reporter-output>
          </reporter-output>
        </test-method> <!-- afterMethod -->
        <test-method is-config="true" signature="afterClass()[pri:0, instance:com.juaracoding.featuretwo.ProcedureExecution@3d3fcdb0]" started-at="2022-10-07T20:13:52 WIB" name="afterClass" finished-at="2022-10-07T20:13:52 WIB" duration-ms="1" status="PASS">
          <reporter-output>
          </reporter-output>
        </test-method> <!-- afterClass -->
      </class> <!-- com.juaracoding.featuretwo.ProcedureExecution -->
      <class name="com.juaracoding.testng.TestCalculatorTwo">
        <test-method is-config="true" signature="setUp()[pri:0, instance:com.juaracoding.testng.TestCalculatorTwo@15d9bc04]" started-at="2022-10-07T20:13:52 WIB" name="setUp" finished-at="2022-10-07T20:13:52 WIB" duration-ms="7" status="PASS">
          <reporter-output>
          </reporter-output>
        </test-method> <!-- setUp -->
        <test-method signature="testAdd()[pri:0, instance:com.juaracoding.testng.TestCalculatorTwo@15d9bc04]" started-at="2022-10-07T20:13:52 WIB" name="testAdd" finished-at="2022-10-07T20:13:52 WIB" duration-ms="0" status="PASS">
          <reporter-output>
          </reporter-output>
        </test-method> <!-- testAdd -->
        <test-method is-config="true" signature="setUp()[pri:0, instance:com.juaracoding.testng.TestCalculatorTwo@15d9bc04]" started-at="2022-10-07T20:13:52 WIB" name="setUp" finished-at="2022-10-07T20:13:52 WIB" duration-ms="1" status="PASS">
          <reporter-output>
          </reporter-output>
        </test-method> <!-- setUp -->
        <test-method signature="testSubstract()[pri:0, instance:com.juaracoding.testng.TestCalculatorTwo@15d9bc04]" started-at="2022-10-07T20:13:52 WIB" name="testSubstract" finished-at="2022-10-07T20:13:52 WIB" duration-ms="2" status="PASS">
          <reporter-output>
          </reporter-output>
        </test-method> <!-- testSubstract -->
      </class> <!-- com.juaracoding.testng.TestCalculatorTwo -->
    </test> <!-- test1 -->
  </suite> <!-- All Test Suite -->
</testng-results>
